0 info it worked if it ends with ok
1 verbose cli [ 'C:\\Program Files (x86)\\nodejs\\node.exe',
1 verbose cli   'C:\\Users\\cchamberlain\\local\\npm\\node_modules\\npm\\bin\\npm-cli.js',
1 verbose cli   'run',
1 verbose cli   'package' ]
2 info using npm@3.5.3
3 info using node@v5.2.0
4 verbose run-script [ 'prepackage', 'package', 'postpackage' ]
5 info lifecycle jsxstyle-es2015@0.0.19~prepackage: jsxstyle-es2015@0.0.19
6 silly lifecycle jsxstyle-es2015@0.0.19~prepackage: no script for prepackage, continuing
7 info lifecycle jsxstyle-es2015@0.0.19~package: jsxstyle-es2015@0.0.19
8 verbose lifecycle jsxstyle-es2015@0.0.19~package: unsafe-perm in lifecycle true
9 verbose lifecycle jsxstyle-es2015@0.0.19~package: PATH: C:\Users\cchamberlain\npm\npm\bin\node-gyp-bin;C:\Users\cchamberlain\cchamberlain\jsxstyle\node_modules\.bin;C:\Windows\system32;C:\Windows;C:\Windows\System32\Wbem;C:\Windows\System32\WindowsPowerShell\v1.0\;C:\Program Files\Sublime Text 3;C:\Python27;C:\Users\cchamberlain\.dnx\bin;C:\Program Files\Microsoft DNX\Dnvm\;C:\Users\cchamberlain\local\bin;C:\Users\cchamberlain\local\npm;C:\Users\cchamberlain\local\msys64\usr\local\bin;C:\Users\cchamberlain\local\msys64\usr\bin;C:\Users\cchamberlain\local\msys64\mingw64\bin;C:\Program Files\Microsoft SQL Server\120\Tools\Binn\;C:\Program Files (x86)\Windows Kits\10\Windows Performance Toolkit\;C:\Program Files (x86)\Microsoft Emulator Manager\1.0\;C:\Program Files (x86)\Microsoft SDKs\Windows\v7.1A\Bin;C:\Program Files (x86)\NVIDIA Corporation\PhysX\Common;C:\Program Files (x86)\MSBuild\14.0\Bin;C:\Program Files\Microsoft\Web Platform Installer\;C:\Users\cchamberlain\.dnx\bin;C:\Program Files\Microsoft DNX\Dnvm\;C:\Program Files\Microsoft SQL Server\130\Tools\Binn\;C:\Program Files\Microsoft SQL Server\Client SDK\ODBC\110\Tools\Binn\;C:\Program Files (x86)\Microsoft SQL Server\130\Tools\Binn\;C:\Program Files\Microsoft SQL Server\130\DTS\Binn\;C:\Program Files (x86)\Microsoft SQL Server\130\Tools\Binn\ManagementStudio\;C:\Program Files (x86)\Microsoft SQL Server\130\DTS\Binn\;C:\HashiCorp\Vagrant\bin;C:\ProgramData\Oracle\Java\javapath;C:\Program Files\Git\cmd;C:\Program Files\Git\mingw64\bin;C:\Program Files\Git\usr\bin;C:\Program Files\Microsoft SQL Server\110\Tools\Binn\;C:\Program Files (x86)\Microsoft SDKs\TypeScript\1.0\;C:\Program Files (x86)\nodejs\;C:\Users\cchamberlain\cchamberlain\scripts;C:\Users\cchamberlain\AppData\Local\atom\bin;C:\Program Files\Docker Toolbox;C:\Program Files (x86)\Microsoft VS Code\bin;C:\Users\cchamberlain\AppData\Roaming\npm;C:\Users\cchamberlain\AppData\Local\GitHub\PortableGit_c2ba306e536fdf878271f7fe636a147ff37326ad\cmd;C:\Users\cchamberlain\AppData\Local\GitHub\PortableGit_c2ba306e536fdf878271f7fe636a147ff37326ad\bin;C:\Users\cchamberlain\AppData\Local\GitHub\PortableGit_c2ba306e536fdf878271f7fe636a147ff37326ad\mingw\bin;C:\Users\cchamberlain\AppData\Local\Apps\2.0\M6103P0N.HMQ\96O5J2YH.4YX\gith..tion_317444273a93ac29_0003.0000_30c6a4a3ecafb094;C:\Windows\Microsoft.NET\Framework\v4.0.30319
10 verbose lifecycle jsxstyle-es2015@0.0.19~package: CWD: C:\Users\cchamberlain\cchamberlain\jsxstyle
11 silly lifecycle jsxstyle-es2015@0.0.19~package: Args: [ '/d /s /c',
11 silly lifecycle   'npm run rebuild && npm version patch && npm publish --tag latest' ]
12 silly lifecycle jsxstyle-es2015@0.0.19~package: Returned: code: 1  signal: null
13 info lifecycle jsxstyle-es2015@0.0.19~package: Failed to exec package script
14 verbose stack Error: jsxstyle-es2015@0.0.19 package: `npm run rebuild && npm version patch && npm publish --tag latest`
14 verbose stack Exit status 1
14 verbose stack     at EventEmitter.<anonymous> (C:\Users\cchamberlain\npm\npm\lib\utils\lifecycle.js:232:16)
14 verbose stack     at emitTwo (events.js:88:13)
14 verbose stack     at EventEmitter.emit (events.js:173:7)
14 verbose stack     at ChildProcess.<anonymous> (C:\Users\cchamberlain\npm\npm\lib\utils\spawn.js:24:14)
14 verbose stack     at emitTwo (events.js:88:13)
14 verbose stack     at ChildProcess.emit (events.js:173:7)
14 verbose stack     at maybeClose (internal/child_process.js:819:16)
14 verbose stack     at Process.ChildProcess._handle.onexit (internal/child_process.js:212:5)
15 verbose pkgid jsxstyle-es2015@0.0.19
16 verbose cwd C:\Users\cchamberlain\cchamberlain\jsxstyle
17 error Windows_NT 10.0.10240
18 error argv "C:\\Program Files (x86)\\nodejs\\node.exe" "C:\\Users\\cchamberlain\\local\\npm\\node_modules\\npm\\bin\\npm-cli.js" "run" "package"
19 error node v5.2.0
20 error npm  v3.5.3
21 error code ELIFECYCLE
22 error jsxstyle-es2015@0.0.19 package: `npm run rebuild && npm version patch && npm publish --tag latest`
22 error Exit status 1
23 error Failed at the jsxstyle-es2015@0.0.19 package script 'npm run rebuild && npm version patch && npm publish --tag latest'.
23 error Make sure you have the latest version of node.js and npm installed.
23 error If you do, this is most likely a problem with the jsxstyle-es2015 package,
23 error not with npm itself.
23 error Tell the author that this fails on your system:
23 error     npm run rebuild && npm version patch && npm publish --tag latest
23 error You can get information on how to open an issue for this project with:
23 error     npm bugs jsxstyle-es2015
23 error Or if that isn't available, you can get their info via:
23 error     npm owner ls jsxstyle-es2015
23 error There is likely additional logging output above.
24 verbose exit [ 1, true ]
